[0.296s] Invoking command in '/home/nicola/advancedWallFollowing/build/com': /usr/bin/cmake /home/nicola/advancedWallFollowing/Turtlebot3UnityROS2/Library/PackageCache/com.unity.ide.visualstudio@2.0.14/Editor/COMIntegration/COMIntegration~ -DCMAKE_INSTALL_PREFIX=/home/nicola/advancedWallFollowing/install/com
[1.370s] -- The C compiler identification is GNU 9.4.0
[2.145s] -- The CXX compiler identification is GNU 9.4.0
[2.270s] -- Check for working C compiler: /usr/bin/cc
[2.468s] -- Check for working C compiler: /usr/bin/cc -- works
[2.470s] -- Detecting C compiler ABI info
[2.580s] -- Detecting C compiler ABI info - done
[2.594s] -- Detecting C compile features
[2.607s] -- Detecting C compile features - done
[2.631s] -- Check for working CXX compiler: /usr/bin/c++
[2.725s] -- Check for working CXX compiler: /usr/bin/c++ -- works
[2.727s] -- Detecting CXX compiler ABI info
[2.819s] -- Detecting CXX compiler ABI info - done
[2.834s] -- Detecting CXX compile features
[2.835s] -- Detecting CXX compile features - done
[2.836s] -- Configuring done
[2.876s] -- Generating done
[2.877s] -- Build files have been written to: /home/nicola/advancedWallFollowing/build/com
[2.882s] Invoked command in '/home/nicola/advancedWallFollowing/build/com' returned '0': /usr/bin/cmake /home/nicola/advancedWallFollowing/Turtlebot3UnityROS2/Library/PackageCache/com.unity.ide.visualstudio@2.0.14/Editor/COMIntegration/COMIntegration~ -DCMAKE_INSTALL_PREFIX=/home/nicola/advancedWallFollowing/install/com
[2.886s] Invoking command in '/home/nicola/advancedWallFollowing/build/com': /usr/bin/cmake --build /home/nicola/advancedWallFollowing/build/com -- -j8 -l8
[2.952s] [35m[1mScanning dependencies of target COMIntegration[0m
[3.047s] [ 50%] [32mBuilding CXX object CMakeFiles/COMIntegration.dir/COMIntegration.cpp.o[0m
[6.503s] [01m[K/home/nicola/advancedWallFollowing/Turtlebot3UnityROS2/Library/PackageCache/com.unity.ide.visualstudio@2.0.14/Editor/COMIntegration/COMIntegration~/COMIntegration.cpp:11:10:[m[K [01;31m[Kfatal error: [m[Kwindows.h: No such file or directory
[6.503s]    11 | #include [01;31m[K<windows.h>[m[K
[6.503s]       |          [01;31m[K^~~~~~~~~~~[m[K
[6.504s] compilation terminated.
[6.520s] make[2]: *** [CMakeFiles/COMIntegration.dir/build.make:63: CMakeFiles/COMIntegration.dir/COMIntegration.cpp.o] Error 1
[6.521s] make[1]: *** [CMakeFiles/Makefile2:76: CMakeFiles/COMIntegration.dir/all] Error 2
[6.522s] make: *** [Makefile:84: all] Error 2
[6.530s] Invoked command in '/home/nicola/advancedWallFollowing/build/com' returned '2': /usr/bin/cmake --build /home/nicola/advancedWallFollowing/build/com -- -j8 -l8
